###############################################
# cmake configuration file for KalTest
# @author Jan Engels, DESY
###############################################

SET( KalTest_FOUND FALSE )
MARK_AS_ADVANCED( KalTest_FOUND )

# do not store find results in cache
SET( KalTest_INCLUDE_DIR KalTest_INCLUDE_DIR-NOTFOUND )

FIND_PATH( KalTest_INCLUDE_DIR
	NAMES kaltest/TVTrack.h
	PATHS @CMAKE_INSTALL_PREFIX@/include
	NO_DEFAULT_PATH
)
IF( NOT KalTest_INCLUDE_DIR )
    MESSAGE( STATUS "Check for KalTest: @CMAKE_INSTALL_PREFIX@"
					" -- failed to find KalTest include directory!!" )
ELSE( NOT KalTest_INCLUDE_DIR )
    MARK_AS_ADVANCED( KalTest_INCLUDE_DIR )
ENDIF( NOT KalTest_INCLUDE_DIR )

# libraries
#SET( KalTest_LIB_NAMES S4Kalman S4KalTrack S4KalGeom S4Utils )
SET( KalTest_LIB_NAMES KalTest )
SET( KalTest_FINDLIB_FAILED FALSE )
MARK_AS_ADVANCED( KalTest_LIB_NAMES KalTest_FINDLIB_FAILED )

FOREACH( libname ${KalTest_LIB_NAMES} )

    # name of the component in upper case
    STRING( TOUPPER ${libname} ulibname)

    SET( KalTest_LIB_${ulibname} KalTest_LIB_${ulibname}-NOTFOUND )
    MARK_AS_ADVANCED( KalTest_LIB_${ulibname} )

    FIND_LIBRARY( KalTest_LIB_${ulibname}
        NAMES ${libname}
        PATHS @CMAKE_INSTALL_PREFIX@
        PATH_SUFFIXES lib
        NO_DEFAULT_PATH )

    IF( NOT KalTest_LIB_${ulibname} )
        SET( KalTest_FINDLIB_FAILED TRUE )
        IF( NOT KalTest_FIND_QUIETLY )
            MESSAGE( STATUS "Check for KalTest: @CMAKE_INSTALL_PREFIX@"
                    " -- failed to find KalTest ${libname} library!!" )
        ENDIF()
    ELSE()
        LIST( APPEND KalTest_LIBS ${KalTest_LIB_${ulibname}} )
    ENDIF()
ENDFOREACH()

# set variables and display results
IF( KalTest_INCLUDE_DIR AND NOT KalTest_FINDLIB_FAILED )
    SET( KalTest_FOUND TRUE )
    SET( KalTest_INCLUDE_DIRS ${KalTest_INCLUDE_DIR} )
    SET( KalTest_LIBRARY_DIRS "@CMAKE_INSTALL_PREFIX@/lib" )
	SET( KalTest_LIBRARIES ${KalTest_LIBS} )
    MARK_AS_ADVANCED( KalTest_INCLUDE_DIRS KalTest_LIBRARY_DIRS KalTest_LIBRARIES )
	MESSAGE( STATUS "Check for KalTest: @CMAKE_INSTALL_PREFIX@ -- works" )
ELSE()
	IF( KalTest_FIND_REQUIRED )
		MESSAGE( FATAL_ERROR "Check for KalTest: @CMAKE_INSTALL_PREFIX@ -- failed!!" )
    ELSE( KalTest_FIND_REQUIRED )
        MESSAGE( STATUS "Check for KalTest: @CMAKE_INSTALL_PREFIX@"
						" -- failed!! will skip this package..." )
    ENDIF( KalTest_FIND_REQUIRED )
ENDIF()
